<?xml version="1.0" encoding="UTF-8"?>
<!-- Generated by org.testng.reporters.JUnitReportReporter -->
<testsuite hostname="DESKTOP-IU9D0MM" failures="0" tests="1" name="com.VM.test.SignUp_PiveTest" time="23.174" errors="0" timestamp="2024-04-16T13:56:03 IST" skipped="0">
  <testcase classname="com.VM.test.SignUp_PiveTest" name="signuptest_valid" time="23.174"/>
</testsuite> <!-- com.VM.test.SignUp_PiveTest -->
