<?xml version="1.0" encoding="UTF-8"?>
<!-- Generated by org.testng.reporters.JUnitReportReporter -->
<testsuite hostname="DESKTOP-IU9D0MM" failures="0" tests="4" name="com.VM.test.Login_NiveTest" time="42.198" errors="0" timestamp="2024-04-16T13:56:03 IST" skipped="0">
  <testcase classname="com.VM.test.Login_NiveTest" name="LogIn_InValid" time="10.137"/>
  <testcase classname="com.VM.test.Login_NiveTest" name="LogIn_InValid" time="10.541"/>
  <testcase classname="com.VM.test.Login_NiveTest" name="LogIn_InValid" time="11.464"/>
  <testcase classname="com.VM.test.Login_NiveTest" name="LogIn_InValid" time="10.056"/>
</testsuite> <!-- com.VM.test.Login_NiveTest -->
