<?xml version="1.0" encoding="UTF-8"?>
<!-- Generated by org.testng.reporters.JUnitReportReporter -->
<testsuite hostname="DESKTOP-IU9D0MM" failures="0" tests="1" name="com.VM.test.Forgot_Test" time="8.972" errors="0" timestamp="2024-04-16T14:32:51 IST" skipped="0">
  <testcase classname="com.VM.test.Forgot_Test" name="Forgot_operation" time="8.972"/>
</testsuite> <!-- com.VM.test.Forgot_Test -->
